<?xml version="1.0" encoding="UTF-8"?>
<!-- Generated by org.testng.reporters.JUnitReportReporter -->
<testsuite hostname="SarthakSyduAIO" failures="0" tests="7" name="com.qa.centivo_ep.Runner.Runner_TestNG" time="15.244" errors="0" timestamp="2024-08-09T09:20:20 EDT" skipped="0">
  <testcase classname="com.qa.centivo_ep.Runner.Runner_TestNG" name="runScenario" time="4.496"/>
  <system-out/>
  <testcase classname="com.qa.centivo_ep.Runner.Runner_TestNG" name="runScenario" time="1.770"/>
  <system-out/>
  <testcase classname="com.qa.centivo_ep.Runner.Runner_TestNG" name="runScenario" time="1.587"/>
  <system-out/>
  <testcase classname="com.qa.centivo_ep.Runner.Runner_TestNG" name="runScenario" time="1.964"/>
  <system-out/>
  <testcase classname="com.qa.centivo_ep.Runner.Runner_TestNG" name="runScenario" time="1.709"/>
  <system-out/>
  <testcase classname="com.qa.centivo_ep.Runner.Runner_TestNG" name="runScenario" time="2.381"/>
  <system-out/>
  <testcase classname="com.qa.centivo_ep.Runner.Runner_TestNG" name="runScenario" time="1.337"/>
  <system-out/>
</testsuite> <!-- com.qa.centivo_ep.Runner.Runner_TestNG -->
